<?xml version="1.0" encoding="UTF-8"?>
<!-- Generated by org.testng.reporters.JUnitXMLReporter -->
<testsuite ignored="0" hostname="nba-057-g1-pl" failures="0" tests="4" name="Command line test" time="20.312" errors="0" timestamp="2023-02-23T10:15:51 CET">
  <testcase classname="tests.AddProductsToCartTest" name="addCoupleProductsToCartTest" time="6.025"/>
  <testcase classname="tests.AddProductsToCartTest" name="addOneProductToCartTest" time="6.061"/>
  <testcase classname="tests.AddProductsToCartTest" name="addTwoProductToCartTest" time="2.436"/>
  <testcase classname="tests.AddProductsToCartTest" name="isProductVisibleTest" time="5.337"/>
</testsuite> <!-- Command line test -->
