<?xml version="1.0" encoding="UTF-8"?>
<!-- Generated by org.testng.reporters.JUnitXMLReporter -->
<testsuite ignored="0" hostname="nba-057-g1-pl" failures="1" tests="1" name="Command line test" time="0.027" errors="0" timestamp="2023-02-14T09:19:18 CET">
  <testcase classname="tests.AddProductsToCartTest" name="addOneProductToCart" time="0.003">
    <failure type="java.lang.NullPointerException" message="Cannot invoke &amp;quot;org.openqa.selenium.WebDriver.manage()&amp;quot; because &amp;quot;this.driver&amp;quot; is null">
      <![CDATA[java.lang.NullPointerException: Cannot invoke "org.openqa.selenium.WebDriver.manage()" because "this.driver" is null
at utility.BaseTest.initializeDriver(BaseTest.java:29)
at utility.BaseTest.launchApplication(BaseTest.java:34)
at tests.AddProductsToCartTest.addOneProductToCart(AddProductsToCartTest.java:12)
at java.base/java.util.ArrayList.forEach(ArrayList.java:1511)
... Removed 37 stack frames]]>
    </failure>
  </testcase> <!-- addOneProductToCart -->
</testsuite> <!-- Command line test -->
