<?xml version="1.0" encoding="UTF-8"?>
<testng-results ignored="0" total="4" passed="4" failed="0" skipped="0">
  <reporter-output>
  </reporter-output>
  <suite started-at="2023-02-23T10:15:30 CET" name="Command line suite" finished-at="2023-02-23T10:15:51 CET" duration-ms="20312">
    <groups>
    </groups>
    <test started-at="2023-02-23T10:15:30 CET" name="Command line test" finished-at="2023-02-23T10:15:51 CET" duration-ms="20312">
      <class name="tests.AddProductsToCartTest">
        <test-method signature="addCoupleProductsToCartTest()[pri:0, instance:tests.AddProductsToCartTest@1e6454ec]" started-at="2023-02-23T10:15:30 CET" name="addCoupleProductsToCartTest" finished-at="2023-02-23T10:15:36 CET" duration-ms="6025" status="PASS">
          <reporter-output>
          </reporter-output>
        </test-method> <!-- addCoupleProductsToCartTest -->
        <test-method is-config="true" signature="tearDown()[pri:0, instance:tests.AddProductsToCartTest@1e6454ec]" started-at="2023-02-23T10:15:37 CET" name="tearDown" finished-at="2023-02-23T10:15:37 CET" duration-ms="91" status="PASS">
          <reporter-output>
          </reporter-output>
        </test-method> <!-- tearDown -->
        <test-method signature="addOneProductToCartTest()[pri:0, instance:tests.AddProductsToCartTest@1e6454ec]" started-at="2023-02-23T10:15:37 CET" name="addOneProductToCartTest" finished-at="2023-02-23T10:15:43 CET" duration-ms="6061" status="PASS">
          <reporter-output>
          </reporter-output>
        </test-method> <!-- addOneProductToCartTest -->
        <test-method is-config="true" signature="tearDown()[pri:0, instance:tests.AddProductsToCartTest@1e6454ec]" started-at="2023-02-23T10:15:43 CET" name="tearDown" finished-at="2023-02-23T10:15:43 CET" duration-ms="103" status="PASS">
          <reporter-output>
          </reporter-output>
        </test-method> <!-- tearDown -->
        <test-method signature="addTwoProductToCartTest()[pri:0, instance:tests.AddProductsToCartTest@1e6454ec]" started-at="2023-02-23T10:15:43 CET" name="addTwoProductToCartTest" finished-at="2023-02-23T10:15:45 CET" duration-ms="2436" status="PASS">
          <reporter-output>
          </reporter-output>
        </test-method> <!-- addTwoProductToCartTest -->
        <test-method is-config="true" signature="tearDown()[pri:0, instance:tests.AddProductsToCartTest@1e6454ec]" started-at="2023-02-23T10:15:45 CET" name="tearDown" finished-at="2023-02-23T10:15:45 CET" duration-ms="69" status="PASS">
          <reporter-output>
          </reporter-output>
        </test-method> <!-- tearDown -->
        <test-method signature="isProductVisibleTest()[pri:1, instance:tests.AddProductsToCartTest@1e6454ec]" started-at="2023-02-23T10:15:45 CET" name="isProductVisibleTest" description="Test description if product is visible" finished-at="2023-02-23T10:15:51 CET" duration-ms="5337" status="PASS">
          <reporter-output>
          </reporter-output>
        </test-method> <!-- isProductVisibleTest -->
        <test-method is-config="true" signature="tearDown()[pri:0, instance:tests.AddProductsToCartTest@1e6454ec]" started-at="2023-02-23T10:15:51 CET" name="tearDown" finished-at="2023-02-23T10:15:51 CET" duration-ms="76" status="PASS">
          <reporter-output>
          </reporter-output>
        </test-method> <!-- tearDown -->
      </class> <!-- tests.AddProductsToCartTest -->
    </test> <!-- Command line test -->
  </suite> <!-- Command line suite -->
</testng-results>
